Build started 11/26/13 4:20:59 PM.
     1>Project "C:\Users\MarkLap\Google Drive\Visual Studio 2012\boaz2\Boaz2\Boaz2.vcxproj" on node 2 (Build target(s)).
     1>ClCompile:
         c:\Program Files (x86)\Microsoft Visual Studio 10.0\VC\bin\CL.exe /c /ZI /nologo /W3 /WX- /Od /Oy- /D WIN32 /D _DEBUG /D _CONSOLE /D _UNICODE /D UNICODE /Gm /EHsc /RTC1 /MDd /GS /fp:precise /Zc:wchar_t /Zc:forScope /Yu"StdAfx.h" /Fp"Debug\Boaz2.pch" /Fo"Debug\\" /Fd"Debug\vc100.pdb" /Gd /TP /analyze- /errorReport:prompt Boaz2.cpp Clique.cpp Graph.cpp
         Graph.cpp
     1>c:\users\marklap\google drive\visual studio 2012\boaz2\boaz2\graph.cpp(138): warning C4018: '<' : signed/unsigned mismatch
     1>c:\users\marklap\google drive\visual studio 2012\boaz2\boaz2\graph.cpp(191): warning C4018: '<' : signed/unsigned mismatch
         Boaz2.cpp
         Generating Code...
         Compiling...
         Clique.cpp
         Generating Code...
       Link:
         c:\Program Files (x86)\Microsoft Visual Studio 10.0\VC\bin\link.exe /ERRORREPORT:PROMPT /OUT:"C:\Users\MarkLap\Google Drive\Visual Studio 2012\boaz2\Debug\Boaz2.exe" /INCREMENTAL /NOLOGO kernel32.lib user32.lib gdi32.lib winspool.lib comdlg32.lib advapi32.lib shell32.lib ole32.lib oleaut32.lib uuid.lib odbc32.lib odbccp32.lib /MANIFEST /ManifestFile:"Debug\Boaz2.exe.intermediate.manifest" /MANIFESTUAC:"level='asInvoker' uiAccess='false'" /DEBUG /PDB:"C:\Users\MarkLap\Google Drive\Visual Studio 2012\boaz2\Debug\Boaz2.pdb" /SUBSYSTEM:CONSOLE /TLBID:1 /DYNAMICBASE /NXCOMPAT /IMPLIB:"C:\Users\MarkLap\Google Drive\Visual Studio 2012\boaz2\Debug\Boaz2.lib" /MACHINE:X86 Debug\Boaz2.exe.embed.manifest.res
         Debug\Boaz2.obj
         Debug\Clique.obj
         Debug\Graph.obj
         Debug\stdafx.obj
         Debug\VertexSet.obj
       Manifest:
         C:\Program Files (x86)\Microsoft SDKs\Windows\v7.0A\bin\mt.exe /nologo /verbose /out:"Debug\Boaz2.exe.embed.manifest" /manifest Debug\Boaz2.exe.intermediate.manifest
       LinkEmbedManifest:
         Boaz2.vcxproj -> C:\Users\MarkLap\Google Drive\Visual Studio 2012\boaz2\Debug\Boaz2.exe
     1>Done Building Project "C:\Users\MarkLap\Google Drive\Visual Studio 2012\boaz2\Boaz2\Boaz2.vcxproj" (Build target(s)).

Build succeeded.

Time Elapsed 00:00:00.89
