C:\USERS\CHENSAADIA\DESKTOP\CLIQUE\BOAZ2\DEBUG\BOAZ2.PCH
C:\USERS\CHENSAADIA\DESKTOP\CLIQUE\BOAZ2\DEBUG\STDAFX.OBJ
C:\USERS\CHENSAADIA\DESKTOP\CLIQUE\BOAZ2\DEBUG\VC110.PDB
C:\USERS\CHENSAADIA\DESKTOP\CLIQUE\BOAZ2\DEBUG\BOAZ2.OBJ
C:\USERS\CHENSAADIA\DESKTOP\CLIQUE\BOAZ2\DEBUG\CLIQUE.OBJ
C:\USERS\CHENSAADIA\DESKTOP\CLIQUE\BOAZ2\DEBUG\GRAPH.OBJ
C:\USERS\CHENSAADIA\DESKTOP\CLIQUE\BOAZ2\DEBUG\VERTEXSET.OBJ
C:\USERS\CHENSAADIA\DESKTOP\CLIQUE\DEBUG\BOAZ2.ILK
C:\USERS\CHENSAADIA\DESKTOP\CLIQUE\DEBUG\BOAZ2.EXE
C:\USERS\CHENSAADIA\DESKTOP\CLIQUE\DEBUG\BOAZ2.PDB
C:\Users\chensaadia\Desktop\Clique\Boaz2\Debug\Boaz2.obj
C:\Users\chensaadia\Desktop\Clique\Boaz2\Debug\Clique.obj
C:\Users\chensaadia\Desktop\Clique\Boaz2\Debug\Graph.obj
C:\Users\chensaadia\Desktop\Clique\Boaz2\Debug\stdafx.obj
C:\Users\chensaadia\Desktop\Clique\Boaz2\Debug\VertexSet.obj
C:\Users\chensaadia\Desktop\Clique\Boaz2\Debug\cl.command.1.tlog
C:\Users\chensaadia\Desktop\Clique\Boaz2\Debug\CL.read.1.tlog
C:\Users\chensaadia\Desktop\Clique\Boaz2\Debug\CL.write.1.tlog
C:\Users\chensaadia\Desktop\Clique\Boaz2\Debug\link-cvtres.read.1.tlog
C:\Users\chensaadia\Desktop\Clique\Boaz2\Debug\link-cvtres.write.1.tlog
C:\Users\chensaadia\Desktop\Clique\Boaz2\Debug\link-rc.read.1.tlog
C:\Users\chensaadia\Desktop\Clique\Boaz2\Debug\link-rc.write.1.tlog
C:\Users\chensaadia\Desktop\Clique\Boaz2\Debug\link.command.1.tlog
C:\Users\chensaadia\Desktop\Clique\Boaz2\Debug\link.read.1.tlog
C:\Users\chensaadia\Desktop\Clique\Boaz2\Debug\link.write.1.tlog
C:\Users\chensaadia\Desktop\Clique\Boaz2\Debug\Boaz2.pch
C:\Users\chensaadia\Desktop\Clique\Boaz2\Debug\vc110.idb
C:\Users\chensaadia\Desktop\Clique\Boaz2\Debug\vc110.pdb
C:\Users\chensaadia\Desktop\Clique\Debug\Boaz2.pdb
C:\Users\chensaadia\Desktop\Clique\Debug\Boaz2.exe
C:\Users\chensaadia\Desktop\Clique\Debug\Boaz2.ilk
