Build started 27/11/2013 14:55:29.
     1>Project "C:\Users\Kotev-Emet\documents\visual studio 2013\Projects\Clique Finder\Clique Finder\Clique Finder.vcxproj" on node 2 (Build target(s)).
     1>ClCompile:
         C:\Program Files\Microsoft Visual Studio 12.0\VC\bin\CL.exe /c /ZI /nologo /W3 /WX- /sdl /Od /Oy- /D WIN32 /D _DEBUG /D _CONSOLE /D _LIB /D _UNICODE /D UNICODE /Gm /EHsc /RTC1 /MDd /GS /fp:precise /Zc:wchar_t /Zc:forScope /Fo"Debug\\" /Fd"Debug\vc120.pdb" /Gd /TP /analyze- /errorReport:prompt Graph.cpp exe.cpp
         exe.cpp
     1>c:\users\kotev-emet\documents\visual studio 2013\projects\clique finder\clique finder\vertexset1.h(38): warning C4554: '&' : check operator precedence for possible error; use parentheses to clarify precedence
         Graph.cpp
     1>c:\users\kotev-emet\documents\visual studio 2013\projects\clique finder\clique finder\vertexset1.h(38): warning C4554: '&' : check operator precedence for possible error; use parentheses to clarify precedence
     1>c:\users\kotev-emet\documents\visual studio 2013\projects\clique finder\clique finder\graph.cpp(45): warning C4244: 'initializing' : conversion from 'double' to 'int', possible loss of data
     1>c:\users\kotev-emet\documents\visual studio 2013\projects\clique finder\clique finder\graph.cpp(69): warning C4244: 'initializing' : conversion from 'double' to 'float', possible loss of data
     1>c:\users\kotev-emet\documents\visual studio 2013\projects\clique finder\clique finder\graph.cpp(71): warning C4554: '&' : check operator precedence for possible error; use parentheses to clarify precedence
     1>c:\users\kotev-emet\documents\visual studio 2013\projects\clique finder\clique finder\graph.cpp(112): warning C4018: '<' : signed/unsigned mismatch
     1>c:\users\kotev-emet\documents\visual studio 2013\projects\clique finder\clique finder\graph.cpp(168): warning C4244: 'initializing' : conversion from 'double' to 'int', possible loss of data
     1>c:\users\kotev-emet\documents\visual studio 2013\projects\clique finder\clique finder\graph.cpp(182): warning C4018: '<' : signed/unsigned mismatch
     1>c:\users\kotev-emet\documents\visual studio 2013\projects\clique finder\clique finder\graph.cpp(211): warning C4018: '<' : signed/unsigned mismatch
     1>c:\users\kotev-emet\documents\visual studio 2013\projects\clique finder\clique finder\graph.cpp(221): warning C4018: '>' : signed/unsigned mismatch
     1>c:\users\kotev-emet\documents\visual studio 2013\projects\clique finder\clique finder\graph.cpp(242): warning C4018: '<' : signed/unsigned mismatch
         Generating Code...
       Link:
         C:\Program Files\Microsoft Visual Studio 12.0\VC\bin\link.exe /ERRORREPORT:PROMPT /OUT:"C:\Users\Kotev-Emet\documents\visual studio 2013\Projects\Clique Finder\Debug\Clique Finder.exe" /INCREMENTAL /NOLOGO kernel32.lib user32.lib gdi32.lib winspool.lib comdlg32.lib advapi32.lib shell32.lib ole32.lib oleaut32.lib uuid.lib odbc32.lib odbccp32.lib /MANIFEST /MANIFESTUAC:"level='asInvoker' uiAccess='false'" /manifest:embed /DEBUG /PDB:"C:\Users\Kotev-Emet\documents\visual studio 2013\Projects\Clique Finder\Debug\Clique Finder.pdb" /SUBSYSTEM:CONSOLE /TLBID:1 /DYNAMICBASE /NXCOMPAT /IMPLIB:"C:\Users\Kotev-Emet\documents\visual studio 2013\Projects\Clique Finder\Debug\Clique Finder.lib" /MACHINE:X86 Debug\Clique.obj
         Debug\exe.obj
         Debug\Graph.obj
         Debug\Tokenize.obj
         Clique Finder.vcxproj -> C:\Users\Kotev-Emet\documents\visual studio 2013\Projects\Clique Finder\Debug\Clique Finder.exe
     1>Done Building Project "C:\Users\Kotev-Emet\documents\visual studio 2013\Projects\Clique Finder\Clique Finder\Clique Finder.vcxproj" (Build target(s)).

Build succeeded.

Time Elapsed 00:00:03.76
